Calculating time of sequentially reading 100000 512-byte blocks and checking each block for JPEG signature.
Start time, Finish time (in process timer ticks):
------------------
210352,279323

Calculating time of 1000 random block accesses. For each block a LIBLINEAR test for JPEG data is included into the timing.
Distance jumped (+/-), start time, finish time (in process timer ticks):
---------------------
30447756,279507,575807
3456473,575848,614621
25021842,614632,883227
-25704889,883250,914209
-22202022,914250,941607
-4006404,941628,950159
48061067,950182,1429209
-14282867,1429233,1449077
-12854238,1449094,1461437
-25067644,1461454,1491125
61525045,1491131,2101429
-49471616,2101452,2154448
-7486677,2154491,2167815
23893517,2167838,2402835
-2239689,2402852,2408155
36076041,2408167,2777694
-56459643,2777716,2837476
27460385,2837498,3101083
-9455360,3101092,3110285
-768807,3110295,3111329
1462828,3111370,3131400
7891764,3131417,3212732
-15977441,3212774,3234237
6866235,3234259,3304718
-14713538,3304736,3324780
42586274,3324819,3753186
-6224075,3753209,3765279
-4045132,3765287,3769375
21551716,3769415,3996169
-10938664,3996192,4012921
2337404,4012930,4036525
-41771052,4036534,4076091
24450320,4076113,4317639
-33432202,4317663,4355441
52727552,4355463,4910610
-51456902,4910634,4965353
38911980,4965391,5364657
-43903417,5364675,5418499
34591341,5418507,5761509
-3231365,5761550,5768721
-23714338,5768743,5798023
41664362,5798047,6229376
-1251673,6229398,6233004
-3008479,6233020,6239682
17208990,6239698,6443757
-62766776,6443767,6505699
21758849,6505714,6725664
-20145176,6725687,6750647
52305595,6750653,7321959
-8407228,7321981,7336941
9947465,7336962,7452231
2750783,7452253,7486294
-369327,7486317,7487662
-20712644,7487680,7513176
-10964979,7513217,7529982
-14569725,7530004,7550141
-10078030,7550163,7566220
17226877,7566230,7726842
38836964,7726882,8137441
-9089753,8137463,8152379
-49824459,8152403,8205660
208827,8205666,8207598
14234041,8207599,8340205
35750221,8340215,8701689
-45087510,8701709,8750920
25092630,8750943,8990532
8845971,8990549,9077880
-30629450,9077903,9113975
44925364,9113997,9560149
-15166936,9560172,9581034
-24108534,9581057,9610293
41140519,9610316,10033272
10260705,10033296,10143296
-28276597,10143334,10176125
-21457142,10176142,10202679
-124845,10202719,10203374
7959867,10203395,10284156
38752513,10284179,10678110
-29127803,10678139,10710940
-5544400,10710961,10722659
11157843,10722680,10837250
4144229,10837273,10886000
16618814,10886022,11060660
-19374335,11060702,11085643
-13087287,11085659,11098656
33075197,11098674,11448190
-37505557,11448209,11489556
-21496234,11489607,11516267
21893932,11516275,11720224
-22188356,11720242,11747208
49486338,11747214,12231180
-36649809,12231203,12271914
47828840,12271922,12769537
-18185149,12769555,12791536
11778506,12791545,12911281
-8544990,12911305,12925910
1511217,12925933,12949924
-42987145,12949946,12999525
34619786,12999548,13334444
19336982,13334466,13536557
-7597036,13536567,13544105
-36887821,13544115,13585464
34812632,13585484,13928450
-45437913,13928473,13978415
16336584,13978423,14143035
-19047223,14143058,14167222
22901327,14167229,14380519
722691,14380537,14393667
2812155,14393676,14419863
-1905663,14419887,14424722
-2453397,14424768,14430645
34568855,14430668,14805943
-50007397,14805962,14859716
28591823,14859738,15148254
15446958,15148276,15317492
-15544185,15317515,15338558
24949423,15338574,15610010
-27558094,15610033,15642526
-18180062,15642549,15666217
32052582,15666240,16000908
-29118924,16000927,16034882
37746871,16034904,16410680
-32614520,16410696,16441625
30330203,16441647,16759954
-5063640,16759977,16770090
-21443227,16770102,16791361
-7071290,16791371,16798447
3682873,16798470,16839083
-6040301,16839106,16850847
40138317,16850866,17250941
-17378746,17250962,17274061
25622095,17274100,17539843
-49739892,17539866,17599338
21058570,17599378,17805718
18599641,17805725,18008659
-7993301,18008682,18022607
4775631,18022616,18071010
-19094690,18071033,18095375
9500558,18095384,18192069
12257853,18192109,18328741
-41441330,18328765,18374528
11676377,18374537,18482984
8802654,18482994,18569084
23503080,18569105,18832146
-29856252,18832187,18866860
-12046274,18866898,18884520
-14587104,18884542,18904661
64147484,18904667,19571847
-15965288,19571870,19593341
-4647044,19593364,19603094
-6804278,19603115,19617788
17978792,19617874,19805978
-25214206,19806002,19836340
-27912835,19836362,19868941
25593556,19868947,20106782
1313290,20106799,20125177
11136610,20125194,20241855
-18218962,20241878,20265388
14367603,20265410,20409156
10958348,20409179,20535343
11276341,20535361,20669248
-28520853,20669264,20701773
19430778,20701812,20906754
-3874537,20906771,20914701
-27511104,20914713,20942217
46797393,20942234,21411111
-66230785,21411132,21490676
45133256,21490685,21920868
11214414,21920890,22041613
-43535989,22041635,22090130
-3935446,22090161,22098565
1906224,22098588,22124023
9067370,22124046,22214776
-11367130,22214799,22232177
-463387,22232198,22233815
14597425,22233838,22383076
33517173,22383117,22735795
3373076,22735815,22776815
-23024415,22776836,22807792
-24563472,22807832,22837455
39432167,22837477,23240900
-34893373,23240942,23280025
33107957,23280048,23612274
-3685465,23612298,23620255
-12476343,23620279,23638376
-11976073,23638448,23656401
-15465300,23656442,23677418
38955277,23677436,24071163
16466417,24071184,24244495
-60228029,24244536,24307806
13437115,24307814,24439181
32916792,24439204,24779044
-18811836,24779061,24803110
29160439,24803132,25101574
6603816,25101598,25174995
-52745152,25175017,25231664
-715694,25231688,25233986
38364362,25234009,25624167
-14969894,25624189,25644972
-34568022,25644995,25683920
52292452,25683927,26195269
-33093314,26195292,26233804
74094,26233823,26236146
7090825,26236169,26308507
23034391,26308548,26549100
15499468,26549122,26718714
-49508816,26718756,26771939
-6099181,26771963,26783642
38433915,26783666,27159085
5531661,27159109,27221688
4437461,27221711,27273356
-53028214,27273366,27323497
54204797,27323519,27860522
-30958296,27860545,27900831
13284774,27900840,28031313
17512474,28031334,28232193
-27524655,28232215,28264785
16930886,28264794,28434223
-1994404,28434244,28439253
-24339839,28439276,28469778
-19735098,28469802,28494499
-1349617,28494506,28495804
19992243,28495806,28681760
38256679,28681798,29071912
-20175774,29071936,29097323
-17624483,29097340,29120107
43834599,29120136,29566321
-8193226,29566343,29580669
-7573359,29580692,29594161
-15840106,29594179,29614655
-24743796,29614694,29644518
4133744,29644540,29689271
40558407,29689287,30101939
-48876389,30101956,30154207
20621028,30154214,30359922
-19664558,30359946,30385011
6201758,30385033,30448822
9208607,30448838,30535058
3043318,30535080,30569627
36484009,30569649,30944283
-33014959,30944305,30981895
-4866103,30981913,30991468
3200772,30991491,31027613
32483439,31027636,31374151
-22378625,31374174,31401833
-23566597,31401842,31430640
14303005,31430657,31571662
28528940,31571679,31861432
-12282000,31861450,31879480
-39935800,31879520,31929906
10860432,31929914,32031703
35885578,32031743,32399359
-48072324,32399377,32449841
21893786,32449848,32654138
14934852,32654146,32803603
23747572,32803625,33070155
-52307877,33070196,33132617
7414933,33132640,33207709
6857942,33207731,33277473
-10854715,33277500,33294575
-3885173,33294598,33302936
-8924122,33302959,33317842
38998275,33317850,33685981
9941495,33686003,33793694
-27333369,33793716,33826130
-3270375,33826153,33833468
-1994222,33833484,33838465
-8427870,33838486,33852956
49348333,33852996,34344800
-55877498,34344823,34404192
11351720,34404200,34515914
38067162,34515932,34896413
14688224,34896430,35057598
-37639091,35057621,35099589
36635925,35099611,35479173
-29185118,35479196,35513410
10692647,35513432,35634277
-28407890,35634300,35667867
26999971,35667908,35952999
2679151,35953022,35986807
-44696462,35986830,36035189
60762519,36035195,36662908
-58959360,36662932,36736516
61820432,36736533,37371302
-10969086,37371326,37388099
-55135217,37388123,37453000
-586260,37453008,37453571
2192739,37453573,37473843
40642307,37473844,37893468
-35284242,37893489,37932970
28308375,37932991,38217592
9772987,38217605,38322859
-45179749,38322877,38371488
14047268,38371495,38502551
48777496,38502573,39005658
-47600427,39005681,39057576
9300408,39057592,39150208
11136047,39150216,39255936
8003141,39255977,39349662
-21672139,39349684,39376807
17418695,39376829,39550251
15839182,39550270,39736022
-24194478,39736065,39765161
-29636485,39765178,39799411
9325711,39799417,39886039
55103111,39886083,40443770
-25056808,40443792,40473847
-22816256,40473863,40501951
-16526002,40501975,40524010
58928784,40524019,41101583
-57796117,41101606,41162691
42600025,41162697,41576446
17504407,41576469,41766465
-9829109,41766488,41782097
-14971110,41782107,41796519
-29359231,41796541,41835590
51920647,41835611,42373358
-45815664,42373382,42424482
39672830,42424505,42837944
-19653505,42837966,42863479
-3699870,42863509,42871530
764602,42871553,42885202
-18628306,42885243,42909484
14597104,42909545,43051576
-11993820,43051599,43069229
-11592732,43069252,43086551
26149811,43086557,43343577
-16797026,43343595,43365577
12348709,43365618,43493912
26030258,43493949,43757517
-36948770,43757526,43795419
-13380629,43795442,43814302
26667144,43814309,44077602
-16716046,44077616,44108777
23665033,44108794,44359152
-23465262,44359175,44387706
48294820,44387729,44893328
-30455888,44893344,44928152
30121151,44928192,45236032
-2463658,45236050,45241920
-12988258,45241943,45260642
12642221,45260666,45395110
8511479,45395150,45487385
-14462004,45487406,45507475
-47141515,45507515,45558305
49338921,45558315,46050192
-11688243,46050215,46067702
-25358125,46067743,46098088
24646762,46098109,46340160
-40583879,46340178,46384364
31068715,46384370,46679241
3897449,46679264,46723818
10055361,46723841,46846495
14351308,46846516,47011703
-46604051,47011725,47062425
25938840,47062447,47314804
-15773069,47314845,47336450
-21421466,47336473,47362828
40312675,47362835,47753857
5703597,47753874,47817610
-13725666,47817632,47836990
-595289,47837012,47838970
23819302,47838993,48092500
-15234078,48092512,48112960
-817498,48112970,48113950
-23526531,48113971,48142481
18692587,48142519,48338120
-31948763,48338143,48374678
38498275,48374684,48747561
11283941,48747582,48868623
-39079178,48868646,48911736
48074207,48911758,49415719
-17569143,49415743,49438785
-2242603,49438808,49444224
17777051,49444247,49636813
-41899689,49636835,49684950
-8490608,49684973,49699590
-2128629,49699606,49704177
-7360006,49704188,49713789
4830451,49713796,49759565
56534734,49759605,50336411
-17543908,50336434,50359645
12659644,50359666,50494439
8632781,50494448,50584880
-34030536,50584920,50623516
13115447,50623536,50762022
-23598264,50762064,50791024
28990656,50791046,51089855
-9840140,51089878,51105763
-10246480,51105786,51121827
-3597370,51121851,51129790
18113212,51129813,51314458
-35046757,51314481,51353914
-8187568,51353938,51367991
17267009,51367997,51528767
28728046,51528776,51816665
-39344046,51816686,51860124
50252061,51860144,52370600
-28075962,52370617,52403464
-4421438,52403504,52412622
-17742486,52412663,52435954
-3235336,52435975,52443301
43345001,52443319,52879821
-12086003,52879861,52897480
-16666397,52897489,52913316
22446470,52913339,53143144
-33654572,53143167,53181574
35545482,53181597,53527505
12739135,53527529,53669692
1630822,53669714,53692766
-54831127,53692806,53756838
40948317,53756846,54154096
-14449266,54154118,54174048
-13138255,54174087,54192833
32763594,54192856,54517418
-32473075,54517456,54554346
22051488,54554355,54765055
-15035274,54765078,54785804
36220548,54785826,55158937
5124523,55158960,55217073
-51341783,55217081,55265611
2964002,55265634,55299594
33035182,55299617,55626853
-39900063,55626872,55670630
52862095,55670648,56206399
-58084273,56206422,56268340
6298819,56268358,56333021
35991434,56333039,56698724
-3319195,56698741,56705979
-14681841,56706001,56726422
-12851032,56726444,56745228
2630579,56745251,56776216
30945951,56776236,57085255
-32321377,57085275,57122519
47264503,57122541,57614821
-58970698,57614862,57676885
25678200,57676893,57923554
-28313863,57923576,57957968
30113298,57957976,58248591
1027742,58248631,58265390
28167485,58265431,58564656
-25050538,58564679,58596652
-37305375,58596675,58638151
24171928,58638157,58870473
31939092,58870513,59205499
-52169990,59205519,59267816
1206375,59267832,59285288
6045498,59285312,59347785
28785146,59347794,59628573
10520124,59628582,59734789
-31226645,59734812,59770765
-51752,59770805,59771234
42834420,59772143,60207828
-52585406,60207844,60263784
14843948,60263805,60421097
-13337897,60421121,60440175
46325499,60440192,60897014
-36841305,60897037,60941162
19376849,60941182,61141441
21309807,61141463,61363043
-21473951,61363053,61383471
13965937,61383489,61530494
-8636787,61530517,61545065
-22122046,61545087,61572320
16620711,61572338,61739465
11969628,61739486,61874130
-22602177,61874152,61902246
3470673,61902269,61940661
-10603301,61940683,61957267
31462794,61957289,62285669
-20998148,62285693,62311910
-23871204,62311933,62342307
5393161,62342328,62398704
51036531,62398725,62923989
-7705602,62924031,62937767
-10672581,62937790,62954245
13872715,62954269,63107834
-21650831,63107857,63134753
13719473,63134794,63280408
-51659340,63280449,63335481
39511791,63335488,63731546
6601700,63731569,63804593
9267812,63804616,63904730
-56689973,63904755,63964432
11432450,63964440,64070695
5065790,64070718,64128659
2932401,64128682,64162392
16501321,64162413,64325393
27966031,64325411,64614385
-30743988,64614408,64649715
-12485119,64649738,64668075
-28266,64668098,64668465
6625125,64668482,64735461
27756998,64735469,65018751
3929767,65018774,65066179
-21552787,65066202,65092793
10821967,65092811,65208258
-41987327,65208282,65254324
13807174,65254366,65389245
20785709,65389268,65595725
-39354545,65595746,65639272
7056388,65639279,65711421
8451249,65711438,65795715
-2093580,65795758,65800984
35392620,65801008,66150546
-8067960,66150567,66164581
442943,66164599,66173937
-33738234,66173961,66212288
29845987,66212311,66513808
-11608799,66513826,66531006
8103852,66531027,66617911
1233105,66617923,66636002
21543357,66636020,66877542
-54989720,66877563,66936007
41413476,66936016,67336661
-14872449,67336681,67357209
-26378407,67357227,67388200
25959756,67388208,67658211
9646478,67658228,67758203
-1101516,67758234,67761336
-28203235,67761358,67794099
34661506,67794108,68142994
-19244543,68143016,68167809
11343785,68167831,68288643
8964864,68288667,68392562
-9855150,68392583,68411127
26234836,68411149,68729210
-37804961,68729234,68771001
39157143,68771019,69178299
-16039431,69178322,69199918
-44892186,69199926,69245921
-1987192,69245934,69249351
22726021,69249355,69464932
39783540,69464955,69891380
-16002961,69891425,69913020
-17294927,69913043,69935742
-17392004,69935760,69958240
14610966,69958257,70100948
24177496,70100970,70359714
-16640974,70359731,70381271
-19706864,70381288,70406084
44456475,70406101,70846428
-48434090,70846446,70897532
51859476,70897554,71409504
-10224513,71409524,71425558
6593975,71425567,71492291
-53666295,71492313,71549616
-103306,71549637,71550226
35466000,71550244,71894585
-16331003,71894594,71910362
1339587,71910385,71929518
39456389,71929541,72337159
-3547924,72337199,72344989
-56231894,72345000,72399944
52539578,72399967,72920610
-8999463,72920631,72935413
-38127334,72935431,72977913
42723625,72977935,73406757
-33156361,73406780,73444751
23096745,73444769,73686647
-30346694,73686664,73721566
26175883,73721590,73976166
7741178,73976207,74067313
18213877,74067336,74264547
-61931003,74264566,74341328
51424827,74341337,74841045
-27727915,74841068,74873720
-18577090,74873740,74898016
34684605,74898024,75228447
-5635436,75228487,75239484
-27607234,75239490,75277071
50131726,75277080,75786376
-14570163,75786400,75806516
444104,75806538,75816320
8067126,75816359,75904761
-24498322,75904777,75934190
-675488,75934214,75936357
-5047363,75936370,75945368
6300626,75945390,76010557
-27861223,76010579,76043157
9405929,76043163,76141919
-4925961,76141943,76152023
58666432,76152035,76732413
-41193705,76732425,76778358
4040975,76778396,76822319
-15079109,76822337,76842402
-9222184,76842433,76857224
41398420,76857230,77260623
-31594380,77260664,77296683
21600110,77296725,77505336
158594,77505353,77509700
29090337,77509721,77836272
-30431125,77836311,77871586
8150808,77871637,77967838
-36346287,77967859,78009030
2878732,78009052,78046007
54416991,78046030,78602135
-49866403,78602158,78655457
-4012530,78655475,78663796
53854221,78663814,79218535
-39807199,79218551,79262576
40920470,79262593,79701904
-44850627,79701944,79750822
5202808,79750843,79809471
33410766,79809494,80161695
5143085,80161717,80220760
-61077081,80220782,80285094
51621208,80285101,80803696
-37581654,80803717,80845676
6864239,80845694,80916400
25863245,80916422,81183791
-2345747,81183814,81189499
-32687700,81189523,81226827
39678808,81226868,81618204
-23442506,81618221,81646742
-10221926,81646783,81662838
10496654,81662857,81767721
18104657,81767739,81975265
7938335,81975288,82062214
-55535939,82062237,82121547
56498713,82121554,82689853
-16979226,82689884,82712397
16911911,82712417,82896344
-27122338,82896361,82927930
10106099,82927947,83040373
-10417300,83040396,83056589
-20724504,83056613,83082618
-6242425,83082640,83094452
41523937,83094460,83510448
-27660940,83510465,83542944
-1766864,83542968,83547530
37941640,83547569,83929555
-14376351,83929578,83949541
5951644,83949559,84016217
-25527530,84016241,84046609
45232460,84046625,84518067
-2324664,84518086,84523639
-52422589,84523662,84579892
12842081,84579904,84713740
31483190,84713763,85036051
-21602838,85036096,85062914
17538208,85062935,85251708
-13697722,85251719,85264966
5790248,85264988,85330365
-2457670,85330388,85336324
19075255,85336346,85535553
-42359712,85535576,85582175
9676524,85582209,85684770
12750481,85684809,85813802
13915573,85813824,85960450
-51167000,85960469,86014393
43227661,86014401,86425187
-15143207,86425205,86439830
26812918,86439853,86714132
2616291,86714173,86746916
-55293178,86746939,86811691
16669347,86811714,86972775
14880088,86972784,87112904
20967144,87112922,87330762
-10513401,87330784,87347101
-1833922,87347111,87349023
12490177,87349045,87482792
-47623945,87482813,87534162
45488126,87534183,87988775
5854928,87988798,88054412
2504426,88054430,88085793
-38239861,88085816,88128297
-2125251,88128315,88133418
-1279163,88133440,88136928
-10664060,88136951,88153225
13785801,88153243,88289747
22254557,88289768,88516749
20077319,88516771,88738026
-58832408,88738049,88799908
58596306,88799925,89407987
-54041074,89408008,89466440
28059562,89466458,89757820
-22036006,89757838,89784973
-7427470,89784996,89798580
1555119,89798592,89819706
48189191,89819729,90324378
-23455292,90324399,90352960
5721368,90352982,90417135
2821729,90417158,90452115
20713030,90452138,90667575
-37732311,90667584,90703357
23116579,90703365,90932946
-28142826,90932970,90966193
-6512992,90966216,90978582
48909031,90978603,91466029
-22275524,91466051,91493498
-12862661,91493521,91512069
-18902142,91512079,91530503
43379421,91530527,91970366
-49619702,91970389,92025046
59738963,92025069,92636751
-41819843,92636772,92682702
28374113,92682723,92975229
-17098482,92975270,92997785
-21139590,92997808,93024264
28466464,93024281,93302272
-1977654,93302290,93306801
-9284542,93306825,93321901
-29959657,93321923,93356543
49078771,93356549,93826195
-23838866,93826213,93854903
17051853,93854942,94028023
13461581,94028045,94183999
-36437014,94184021,94224880
-7262630,94224920,94238100
145207,94238122,94241996
34310952,94242038,94585577
-2616505,94585600,94591889
-26918664,94591912,94623798
31417659,94623822,94943925
-47036115,94943933,94988419
1704577,94988425,95004118
4022755,95004119,95042279
47743716,95042321,95510478
-20534537,95510500,95536815
29381353,95536837,95864521
-40801052,95864545,95910106
36548407,95910129,96284296
-17723591,96284320,96307373
-31882087,96307395,96343861
13460845,96343871,96475883
-5876266,96475907,96487412
5099419,96487422,96535070
5073406,96535089,96589028
488247,96589068,96598840
-24959235,96598863,96628860
32671106,96628867,96950012
-15888853,96950084,96977020
20634454,96977036,97197611
15863577,97197633,97383191
-15587521,97383214,97404133
13539487,97404151,97553551
-8208605,97553573,97567745
-30801783,97567762,97603288
-4854348,97603306,97613137
606069,97613155,97623937
48667409,97623959,98132572
-11780437,98132587,98150127
1736776,98150157,98174063
-48007942,98174080,98225863
25201066,98225869,98461572
4415089,98461590,98514604
33718606,98514626,98877058
-1863678,98877081,98881778
-61111920,98881790,98942481
31958487,98942487,99240866
-25612624,99240888,99271527
13249590,99271549,99407788
38851955,99407917,99807586
-20244299,99807602,99828857
1982907,99828866,99851377
23448158,99851387,100102671
-29722765,100102694,100137358
-15267323,100137399,100158224
15809564,100158246,100321309
24930716,100321331,100579206
-26405566,100579246,100610499
-18524492,100610508,100628060
7768411,100628069,100708171
18735305,100708194,100897028
18689818,100897051,101092351
666714,101092374,101105616
-25901916,101105627,101130830
29224520,101130839,101436960
-23009665,101436973,101465212
22639874,101465235,101706963
-37220039,101706986,101748308
7253051,101748325,101817753
24491598,101817770,102071726
-59365739,102071765,102133773
34405463,102133780,102456148
-8653187,102456172,102470685
-3971955,102470706,102479214
29976203,102479255,102780373
-49167278,102780395,102833066
9755179,102833072,102930411
44666911,102930429,103427196
-52903040,103427235,103489951
50097598,103489990,103998997
-47929210,103999020,104050509
39989119,104050526,104439634
-22327778,104439656,104467146
39335489,104467186,104894365
-20153678,104894387,104919927
-39834229,104919951,104963530
57202874,104963538,105546690
-34008972,105546712,105591783
28188660,105591807,105885054
8053023,105885077,105973031
-8397414,105973053,105987543
-16908119,105987566,106009820
-26199773,106009843,106040963
2716657,106040972,106066634
40428795,106066657,106493282
-34036172,106493304,106531948
35984366,106531971,106910432
-27888165,106910450,106942970
-4108262,106942979,106947337
4740275,106947360,106999289
13883917,106999311,107151678
-20147794,107151699,107179136
-19556985,107179159,107203700
29658219,107203706,107518754
-14765573,107518777,107539244
-6873922,107539266,107552448
-1836449,107552471,107557101
26880515,107557122,107824795
-19195984,107824819,107851844
16912779,107851866,108035792
22012663,108035804,108277515
-37006480,108277532,108319185
25733673,108319201,108578633
-42617045,108578643,108620287
62155817,108620295,109260191
-55058581,109260214,109319702
11926767,109319723,109443959
5186736,109443981,109498901
-25973093,109498919,109529451
41643694,109529457,109924411
-43118682,109924432,109971449
47161464,109971457,110434230
-5086302,110434252,110444623
-13177745,110444663,110463591
29670669,110463614,110767206
-44118522,110767228,110815346
-8817740,110815369,110830186
19007247,110830226,111013387
-15739938,111013397,111028354
31427031,111028363,111331303
-22781931,111331324,111359235
38566540,111359257,111744994
-5469682,111745018,111755878
11451639,111755901,111878391
-59893568,111878407,111941219
30756261,111941226,112235904
6342350,112235927,112305826
17786376,112305849,112504865
9486507,112504886,112607604
-60558679,112607646,112678210
4984654,112678232,112730849
40825307,112730889,113138631
-4109411,113138673,113147316
-4532627,113147333,113156454
-14973740,113156477,113177110
-20053684,113177127,113202570
42411953,113202611,113655680
-39261816,113655704,113699162
21845591,113699184,113915206
30552452,113915244,114251784
-9415565,114251807,114267264
4096583,114267281,114329491
-3144078,114329510,114336527
-39058282,114336544,114380032
-449694,114380055,114381611
-8933269,114381634,114396517
7349406,114396541,114471103
-85591,114471125,114471661
-12474095,114471684,114489658
25806063,114489664,114738337
9419291,114738360,114835581
-15597256,114835603,114856863
-19630392,114856886,114881613
14037121,114881619,115019237
18122471,115019260,115193951
-22131102,115193960,115221309
36116650,115221330,115576760
-46297530,115576778,115626559
12431493,115626566,115743858
-11487650,115743880,115761436
46179146,115761445,116203741
-6850186,116203763,116216631
-18236232,116216663,116240259
21249274,116240304,116459438
-42059902,116459461,116505459
12169500,116505466,116618541
-12820793,116618563,116636756
39204006,116636762,117007492
-24505266,117007515,117036852
30347567,117036875,117344363
1888639,117344384,117369954
-31137945,117369977,117405874
34537614,117405883,117755109
-9198532,117755131,117770486
17957341,117770510,117958219
-15556879,117958242,117979534
8408683,117979557,118071162
-7785713,118071179,118084957
-1814201,118084999,118089606
9441184,118089629,118191400
7281298,118191449,118274324
-1930539,118274346,118279167
-36968034,118279191,118320238
33033607,118320261,118651717
-36832399,118651741,118693017
32445301,118693040,119036667
-34480257,119036706,119075438
-11879373,119075459,119093271
48779903,119093279,119588197
-16046400,119588211,119609697
24748808,119609719,119865973
-58188585,119865991,119927000
23180142,119927009,120163195
17722232,120163216,120342949
-33350410,120342971,120380766
15282781,120380789,120529714
-1314397,120529756,120533286
-4095856,120533308,120542415
293921,120542438,120549275
18893973,120549298,120743509
6632089,120743531,120817516
-17998763,120817557,120841326
-17192416,120841364,120864240
46403184,120864263,121322948
-46873768,121322972,121373588
7411182,121373610,121448750
-17147001,121448772,121472177
24716986,121472184,121716060
22470784,121716083,121969480
-10801220,121969501,121985875
-27463333,121985881,122012275
24592541,122012298,122249250
-14138755,122249262,122266616
32591738,122266624,122604910
-12366385,122604951,122623058
-4218712,122623075,122631202
16036808,122631219,122806779
-23161843,122806802,122835274
27798610,122835298,123133072
-48204759,123133111,123185280
-5165406,123185299,123195375
10389533,123195381,123292483
40145155,123292500,123683950
-17829900,123683973,123707103
21689295,123707113,123932550
-58008222,123932559,123987524
25642676,123987531,124237937
35249774,124237959,124594781
4526002,124594804,124646982
-12726986,124647021,124665333
9103773,124665356,124764117
-40140819,124764156,124808251
34981344,124808269,125171793
-48671089,125171816,125224001
1761799,125224040,125246850
41407449,125246873,125653133
-38152097,125653169,125695767
34616363,125695789,126044252
-11409357,126044294,126061381
-20557298,126061404,126087088
-14171345,126087130,126106612
7797260,126106618,126178944
23046580,126178954,126394243
24690592,126394266,126664135
-10832944,126664177,126680774
19158678,126680814,126880521
-60237525,126880544,126944443
38391069,126944466,127344556
-30512535,127344577,127380341
50877934,127380359,127884603
-61354544,127884624,127949003
60698401,127949009,128574674
-14898892,128574696,128595344
-31505905,128595353,128625445
-561140,128625469,128627288
-984497,128627306,128629866
7359117,128629887,128704858
22619910,128704881,128933044
-36578312,128933067,128974064
-982206,128974105,128976956
29118273,128976996,129271687
-21365290,129271710,129298408
9962960,129298431,129397410
-6640375,129397432,129409869
14212732,129409891,129560748
19333285,129560765,129762404
3874793,129762426,129807903
-831,129807926,129808182
-35121131,129808200,129846280
30708850,129846303,130154397
-45095254,130154421,130203434
27601239,130203475,130475578
25840945,130475600,130750289
-47133596,130750311,130801484
39194280,130801507,131200997
-49761379,131201020,131254165
34602434,131254172,131592083
-16952302,131592106,131614587
25631987,131614626,131879679
7822203,131879702,131971940
-50005463,131971961,132025265
54411890,132025273,132567076
-7967398,132567099,132580904
-19810918,132580943,132606008
21089138,132606030,132823894
-38528171,132823917,132876466
